2015-09-14 23:26:49 Error: [PDOException] SQLSTATE[42000] [1049] Unknown database 'obsAdmicamp'
Stack Trace:
#0 /home/matias/Documentos/obsAdmiCamp/obsadmicamp/vendor/cakephp/cakephp/src/Database/Driver/PDODriverTrait.php(48): PDO->__construct('mysql:host=loca...', 'root', '179571323', Array)
#1 /home/matias/Documentos/obsAdmiCamp/obsadmicamp/vendor/cakephp/cakephp/src/Database/Driver/Mysql.php(89): Cake\Database\Driver\Mysql->_connect('mysql:host=loca...', Array)
#2 /home/matias/Documentos/obsAdmiCamp/obsadmicamp/vendor/cakephp/cakephp/src/Database/Schema/BaseSchema.php(46): Cake\Database\Driver\Mysql->connect()
#3 /home/matias/Documentos/obsAdmiCamp/obsadmicamp/vendor/cakephp/cakephp/src/Database/Dialect/MysqlDialectTrait.php(62): Cake\Database\Schema\BaseSchema->__construct(Object(Cake\Database\Driver\Mysql))
#4 /home/matias/Documentos/obsAdmiCamp/obsadmicamp/vendor/cakephp/cakephp/src/Database/Schema/Collection.php(52): Cake\Database\Driver\Mysql->schemaDialect()
#5 /home/matias/Documentos/obsAdmiCamp/obsadmicamp/vendor/cakephp/cakephp/src/Database/Schema/CachedCollection.php(44): Cake\Database\Schema\Collection->__construct(Object(Cake\Database\Connection))
#6 /home/matias/Documentos/obsAdmiCamp/obsadmicamp/vendor/cakephp/cakephp/src/Database/Connection.php(319): Cake\Database\Schema\CachedCollection->__construct(Object(Cake\Database\Connection), true)
#7 /home/matias/Documentos/obsAdmiCamp/obsadmicamp/vendor/cakephp/bake/src/Shell/Task/ModelTask.php(883): Cake\Database\Connection->schemaCollection()
#8 /home/matias/Documentos/obsAdmiCamp/obsadmicamp/vendor/cakephp/bake/src/Shell/Task/ModelTask.php(848): Bake\Shell\Task\ModelTask->_getAllTables()
#9 /home/matias/Documentos/obsAdmiCamp/obsadmicamp/vendor/cakephp/bake/src/Shell/Task/ModelTask.php(186): Bake\Shell\Task\ModelTask->listAll()
#10 /home/matias/Documentos/obsAdmiCamp/obsadmicamp/vendor/cakephp/bake/src/Shell/Task/ModelTask.php(110): Bake\Shell\Task\ModelTask->getAssociations(Object(Cake\ORM\Table))
#11 /home/matias/Documentos/obsAdmiCamp/obsadmicamp/vendor/cakephp/bake/src/Shell/Task/ModelTask.php(96): Bake\Shell\Task\ModelTask->bake('Cambios')
#12 /home/matias/Documentos/obsAdmiCamp/obsadmicamp/vendor/cakephp/bake/src/Shell/BakeShell.php(250): Bake\Shell\Task\ModelTask->main('Cambios')
#13 /home/matias/Documentos/obsAdmiCamp/obsadmicamp/vendor/cakephp/cakephp/src/Collection/CollectionTrait.php(52): Bake\Shell\BakeShell->Bake\Shell\{closure}('cambios', 0)
#14 /home/matias/Documentos/obsAdmiCamp/obsadmicamp/vendor/cakephp/bake/src/Shell/BakeShell.php(253): Cake\Collection\Collection->each(Object(Closure))
#15 [internal function]: Bake\Shell\BakeShell->all('cambios')
#16 /home/matias/Documentos/obsAdmiCamp/obsadmicamp/vendor/cakephp/cakephp/src/Console/Shell.php(380): call_user_func_array(Array, Array)
#17 /home/matias/Documentos/obsAdmiCamp/obsadmicamp/vendor/cakephp/cakephp/src/Console/ShellDispatcher.php(204): Cake\Console\Shell->runCommand(Array, true)
#18 /home/matias/Documentos/obsAdmiCamp/obsadmicamp/vendor/cakephp/cakephp/src/Console/ShellDispatcher.php(175): Cake\Console\ShellDispatcher->_dispatch()
#19 /home/matias/Documentos/obsAdmiCamp/obsadmicamp/vendor/cakephp/cakephp/src/Console/ShellDispatcher.php(126): Cake\Console\ShellDispatcher->dispatch()
#20 /home/matias/Documentos/obsAdmiCamp/obsadmicamp/bin/cake.php(33): Cake\Console\ShellDispatcher::run(Array)
#21 {main}


