2015-09-14 23:27:29 Warning: DebugKit not enabled. You need to either install pdo_sqlite, or define the "debug_kit" connection name.
2015-09-14 23:28:03 Warning: DebugKit not enabled. You need to either install pdo_sqlite, or define the "debug_kit" connection name.
2015-09-14 23:28:47 Warning: DebugKit not enabled. You need to either install pdo_sqlite, or define the "debug_kit" connection name.
2015-09-14 23:29:00 Warning: DebugKit not enabled. You need to either install pdo_sqlite, or define the "debug_kit" connection name.
2015-09-14 23:29:01 Error: [Cake\Routing\Exception\MissingControllerException] Controller class Obsadmicamp could not be found.
Exception Attributes: array (
  'class' => 'Obsadmicamp',
  'plugin' => NULL,
  'prefix' => NULL,
  '_ext' => NULL,
)
Request URL: /obsadmicamp
Stack Trace:
#0 /home/matias/Documentos/obsAdmiCamp/obsadmicamp/webroot/index.php(37): Cake\Routing\Dispatcher->dispatch(Object(Cake\Network\Request), Object(Cake\Network\Response))
#1 {main}


2015-09-14 23:29:15 Warning: DebugKit not enabled. You need to either install pdo_sqlite, or define the "debug_kit" connection name.
2015-09-14 23:29:20 Warning: DebugKit not enabled. You need to either install pdo_sqlite, or define the "debug_kit" connection name.
2015-09-14 23:31:40 Warning: DebugKit not enabled. You need to either install pdo_sqlite, or define the "debug_kit" connection name.
2015-09-14 23:31:43 Warning: DebugKit not enabled. You need to either install pdo_sqlite, or define the "debug_kit" connection name.
2015-09-14 23:36:59 Warning: DebugKit not enabled. You need to either install pdo_sqlite, or define the "debug_kit" connection name.
2015-09-14 23:36:59 Error: [Cake\Routing\Exception\MissingControllerException] Controller class Obs could not be found.
Exception Attributes: array (
  'class' => 'Obs',
  'plugin' => NULL,
  'prefix' => NULL,
  '_ext' => NULL,
)
Request URL: /obs
Stack Trace:
#0 /home/matias/Documentos/obsAdmiCamp/obsadmicamp/webroot/index.php(37): Cake\Routing\Dispatcher->dispatch(Object(Cake\Network\Request), Object(Cake\Network\Response))
#1 {main}


2015-09-14 23:37:45 Warning: DebugKit not enabled. You need to either install pdo_sqlite, or define the "debug_kit" connection name.
2015-09-14 23:37:45 Error: [Cake\Routing\Exception\MissingControllerException] Controller class Obs could not be found.
Exception Attributes: array (
  'class' => 'Obs',
  'plugin' => NULL,
  'prefix' => NULL,
  '_ext' => NULL,
)
Request URL: /obs
Stack Trace:
#0 /home/matias/Documentos/obsAdmiCamp/obsadmicamp/webroot/index.php(37): Cake\Routing\Dispatcher->dispatch(Object(Cake\Network\Request), Object(Cake\Network\Response))
#1 {main}


2015-09-14 23:39:06 Warning: DebugKit not enabled. You need to either install pdo_sqlite, or define the "debug_kit" connection name.
2015-09-14 23:39:06 Error: [Cake\View\Exception\MissingTemplateException] Template file "Obs/index.ctp" is missing.
Exception Attributes: array (
  'file' => 'Obs/index.ctp',
)
Request URL: /obs
Stack Trace:
#0 /home/matias/Documentos/obsAdmiCamp/obsadmicamp/vendor/cakephp/cakephp/src/View/View.php(462): Cake\View\View->_getViewFileName(NULL)
#1 /home/matias/Documentos/obsAdmiCamp/obsadmicamp/vendor/cakephp/cakephp/src/Controller/Controller.php(583): Cake\View\View->render(NULL, NULL)
#2 /home/matias/Documentos/obsAdmiCamp/obsadmicamp/vendor/cakephp/cakephp/src/Routing/Dispatcher.php(120): Cake\Controller\Controller->render()
#3 /home/matias/Documentos/obsAdmiCamp/obsadmicamp/vendor/cakephp/cakephp/src/Routing/Dispatcher.php(87): Cake\Routing\Dispatcher->_invoke(Object(App\Controller\ObsController))
#4 /home/matias/Documentos/obsAdmiCamp/obsadmicamp/webroot/index.php(37): Cake\Routing\Dispatcher->dispatch(Object(Cake\Network\Request), Object(Cake\Network\Response))
#5 {main}


2015-09-14 23:40:29 Warning: DebugKit not enabled. You need to either install pdo_sqlite, or define the "debug_kit" connection name.
2015-09-14 23:47:39 Warning: DebugKit not enabled. You need to either install pdo_sqlite, or define the "debug_kit" connection name.
2015-09-14 23:47:41 Warning: DebugKit not enabled. You need to either install pdo_sqlite, or define the "debug_kit" connection name.
2015-09-14 23:47:41 Warning: DebugKit not enabled. You need to either install pdo_sqlite, or define the "debug_kit" connection name.
2015-09-14 23:47:48 Warning: DebugKit not enabled. You need to either install pdo_sqlite, or define the "debug_kit" connection name.
2015-09-14 23:47:48 Error: Fatal Error (1): Call to a member function find() on a non-object in [/home/matias/Documentos/obsAdmiCamp/obsadmicamp/src/Controller/ObsController.php, line 43]
Trace:
Cake\Error\BaseErrorHandler::handleFatalError() - CORE/src/Error/BaseErrorHandler.php, line 192
Cake\Error\BaseErrorHandler::Cake\Error\{closure}() - CORE/src/Error/BaseErrorHandler.php, line 91
[main] - [internal], line ??



2015-09-14 23:47:48 Error: [Cake\Error\FatalErrorException] Call to a member function find() on a non-object
Request URL: /obs/cambios
Stack Trace:
#0 /home/matias/Documentos/obsAdmiCamp/obsadmicamp/vendor/cakephp/cakephp/src/Error/BaseErrorHandler.php(91): Cake\Error\BaseErrorHandler->handleFatalError(1, 'Call to a membe...', '/home/matias/Do...', 43)
#1 [internal function]: Cake\Error\BaseErrorHandler->Cake\Error\{closure}()
#2 {main}


2015-09-14 23:48:38 Warning: DebugKit not enabled. You need to either install pdo_sqlite, or define the "debug_kit" connection name.
2015-09-14 23:49:20 Warning: DebugKit not enabled. You need to either install pdo_sqlite, or define the "debug_kit" connection name.
2015-09-14 23:49:22 Warning: DebugKit not enabled. You need to either install pdo_sqlite, or define the "debug_kit" connection name.
2015-09-14 23:49:25 Warning: DebugKit not enabled. You need to either install pdo_sqlite, or define the "debug_kit" connection name.
2015-09-14 23:49:25 Error: [RuntimeException] Unable to locate an object compatible with paginate.
Request URL: /obs/cambios
Stack Trace:
#0 /home/matias/Documentos/obsAdmiCamp/obsadmicamp/src/Controller/ObsController.php(43): Cake\Controller\Controller->paginate(false)
#1 [internal function]: App\Controller\ObsController->cambios()
#2 /home/matias/Documentos/obsAdmiCamp/obsadmicamp/vendor/cakephp/cakephp/src/Controller/Controller.php(412): call_user_func_array(Array, Array)
#3 /home/matias/Documentos/obsAdmiCamp/obsadmicamp/vendor/cakephp/cakephp/src/Routing/Dispatcher.php(114): Cake\Controller\Controller->invokeAction()
#4 /home/matias/Documentos/obsAdmiCamp/obsadmicamp/vendor/cakephp/cakephp/src/Routing/Dispatcher.php(87): Cake\Routing\Dispatcher->_invoke(Object(App\Controller\ObsController))
#5 /home/matias/Documentos/obsAdmiCamp/obsadmicamp/webroot/index.php(37): Cake\Routing\Dispatcher->dispatch(Object(Cake\Network\Request), Object(Cake\Network\Response))
#6 {main}


2015-09-14 23:52:47 Warning: DebugKit not enabled. You need to either install pdo_sqlite, or define the "debug_kit" connection name.
2015-09-14 23:52:48 Warning: DebugKit not enabled. You need to either install pdo_sqlite, or define the "debug_kit" connection name.
2015-09-14 23:52:48 Warning: DebugKit not enabled. You need to either install pdo_sqlite, or define the "debug_kit" connection name.
2015-09-14 23:53:22 Warning: DebugKit not enabled. You need to either install pdo_sqlite, or define the "debug_kit" connection name.
2015-09-14 23:53:35 Warning: DebugKit not enabled. You need to either install pdo_sqlite, or define the "debug_kit" connection name.
2015-09-14 23:53:35 Warning: DebugKit not enabled. You need to either install pdo_sqlite, or define the "debug_kit" connection name.
2015-09-14 23:53:37 Warning: DebugKit not enabled. You need to either install pdo_sqlite, or define the "debug_kit" connection name.
2015-09-14 23:55:02 Warning: DebugKit not enabled. You need to either install pdo_sqlite, or define the "debug_kit" connection name.
2015-09-14 23:55:02 Warning: DebugKit not enabled. You need to either install pdo_sqlite, or define the "debug_kit" connection name.
2015-09-14 23:55:03 Warning: DebugKit not enabled. You need to either install pdo_sqlite, or define the "debug_kit" connection name.
2015-09-14 23:59:45 Warning: DebugKit not enabled. You need to either install pdo_sqlite, or define the "debug_kit" connection name.
2015-09-14 23:59:45 Warning: DebugKit not enabled. You need to either install pdo_sqlite, or define the "debug_kit" connection name.
2015-09-14 23:59:46 Warning: DebugKit not enabled. You need to either install pdo_sqlite, or define the "debug_kit" connection name.
2015-09-14 23:59:57 Warning: DebugKit not enabled. You need to either install pdo_sqlite, or define the "debug_kit" connection name.
2015-09-15 00:00:30 Warning: DebugKit not enabled. You need to either install pdo_sqlite, or define the "debug_kit" connection name.
2015-09-15 00:00:38 Warning: DebugKit not enabled. You need to either install pdo_sqlite, or define the "debug_kit" connection name.
2015-09-15 00:00:46 Warning: DebugKit not enabled. You need to either install pdo_sqlite, or define the "debug_kit" connection name.
2015-09-15 00:02:18 Warning: DebugKit not enabled. You need to either install pdo_sqlite, or define the "debug_kit" connection name.
2015-09-15 00:02:25 Warning: DebugKit not enabled. You need to either install pdo_sqlite, or define the "debug_kit" connection name.
2015-09-15 00:02:33 Warning: DebugKit not enabled. You need to either install pdo_sqlite, or define the "debug_kit" connection name.
2015-09-15 00:06:49 Warning: DebugKit not enabled. You need to either install pdo_sqlite, or define the "debug_kit" connection name.
2015-09-15 00:06:55 Warning: DebugKit not enabled. You need to either install pdo_sqlite, or define the "debug_kit" connection name.
2015-09-15 00:06:55 Warning: DebugKit not enabled. You need to either install pdo_sqlite, or define the "debug_kit" connection name.
2015-09-15 00:10:16 Warning: DebugKit not enabled. You need to either install pdo_sqlite, or define the "debug_kit" connection name.
2015-09-15 00:11:04 Warning: DebugKit not enabled. You need to either install pdo_sqlite, or define the "debug_kit" connection name.
2015-09-15 00:11:45 Warning: DebugKit not enabled. You need to either install pdo_sqlite, or define the "debug_kit" connection name.
2015-09-15 00:11:45 Warning: DebugKit not enabled. You need to either install pdo_sqlite, or define the "debug_kit" connection name.
2015-09-15 00:11:46 Warning: DebugKit not enabled. You need to either install pdo_sqlite, or define the "debug_kit" connection name.
2015-09-15 00:12:18 Warning: DebugKit not enabled. You need to either install pdo_sqlite, or define the "debug_kit" connection name.
2015-09-15 00:12:20 Warning: DebugKit not enabled. You need to either install pdo_sqlite, or define the "debug_kit" connection name.
2015-09-15 00:12:20 Warning: DebugKit not enabled. You need to either install pdo_sqlite, or define the "debug_kit" connection name.
2015-09-15 00:12:21 Warning: DebugKit not enabled. You need to either install pdo_sqlite, or define the "debug_kit" connection name.
2015-09-15 00:12:33 Warning: DebugKit not enabled. You need to either install pdo_sqlite, or define the "debug_kit" connection name.
2015-09-15 00:12:48 Warning: DebugKit not enabled. You need to either install pdo_sqlite, or define the "debug_kit" connection name.
2015-09-15 00:12:51 Warning: DebugKit not enabled. You need to either install pdo_sqlite, or define the "debug_kit" connection name.
2015-09-15 00:13:00 Warning: DebugKit not enabled. You need to either install pdo_sqlite, or define the "debug_kit" connection name.
2015-09-15 00:13:11 Warning: DebugKit not enabled. You need to either install pdo_sqlite, or define the "debug_kit" connection name.
2015-09-15 00:13:17 Warning: DebugKit not enabled. You need to either install pdo_sqlite, or define the "debug_kit" connection name.
2015-09-15 00:13:20 Warning: DebugKit not enabled. You need to either install pdo_sqlite, or define the "debug_kit" connection name.
2015-09-15 00:13:22 Warning: DebugKit not enabled. You need to either install pdo_sqlite, or define the "debug_kit" connection name.
2015-09-15 00:13:23 Warning: DebugKit not enabled. You need to either install pdo_sqlite, or define the "debug_kit" connection name.
2015-09-15 00:13:23 Warning: DebugKit not enabled. You need to either install pdo_sqlite, or define the "debug_kit" connection name.
2015-09-15 00:13:25 Warning: DebugKit not enabled. You need to either install pdo_sqlite, or define the "debug_kit" connection name.
2015-09-15 00:13:31 Warning: DebugKit not enabled. You need to either install pdo_sqlite, or define the "debug_kit" connection name.
2015-09-15 00:14:26 Warning: DebugKit not enabled. You need to either install pdo_sqlite, or define the "debug_kit" connection name.
2015-09-15 00:14:28 Warning: DebugKit not enabled. You need to either install pdo_sqlite, or define the "debug_kit" connection name.
2015-09-15 00:14:30 Warning: DebugKit not enabled. You need to either install pdo_sqlite, or define the "debug_kit" connection name.
2015-09-15 00:15:09 Warning: DebugKit not enabled. You need to either install pdo_sqlite, or define the "debug_kit" connection name.
2015-09-15 00:15:18 Warning: DebugKit not enabled. You need to either install pdo_sqlite, or define the "debug_kit" connection name.
2015-09-15 00:15:59 Warning: DebugKit not enabled. You need to either install pdo_sqlite, or define the "debug_kit" connection name.
2015-09-15 00:16:11 Warning: DebugKit not enabled. You need to either install pdo_sqlite, or define the "debug_kit" connection name.
2015-09-15 00:16:13 Warning: DebugKit not enabled. You need to either install pdo_sqlite, or define the "debug_kit" connection name.
2015-09-15 00:16:14 Warning: DebugKit not enabled. You need to either install pdo_sqlite, or define the "debug_kit" connection name.
2015-09-15 00:16:40 Warning: DebugKit not enabled. You need to either install pdo_sqlite, or define the "debug_kit" connection name.
2015-09-15 00:19:14 Warning: DebugKit not enabled. You need to either install pdo_sqlite, or define the "debug_kit" connection name.
2015-09-15 00:19:16 Warning: DebugKit not enabled. You need to either install pdo_sqlite, or define the "debug_kit" connection name.
2015-09-15 00:19:19 Warning: DebugKit not enabled. You need to either install pdo_sqlite, or define the "debug_kit" connection name.
2015-09-15 00:19:26 Warning: DebugKit not enabled. You need to either install pdo_sqlite, or define the "debug_kit" connection name.
2015-09-15 00:19:28 Warning: DebugKit not enabled. You need to either install pdo_sqlite, or define the "debug_kit" connection name.
2015-09-15 00:19:43 Warning: DebugKit not enabled. You need to either install pdo_sqlite, or define the "debug_kit" connection name.
2015-09-15 00:21:18 Warning: DebugKit not enabled. You need to either install pdo_sqlite, or define the "debug_kit" connection name.
2015-09-15 00:21:19 Warning: DebugKit not enabled. You need to either install pdo_sqlite, or define the "debug_kit" connection name.
2015-09-15 00:21:20 Warning: DebugKit not enabled. You need to either install pdo_sqlite, or define the "debug_kit" connection name.
2015-09-15 00:21:26 Warning: DebugKit not enabled. You need to either install pdo_sqlite, or define the "debug_kit" connection name.
2015-09-15 00:21:29 Warning: DebugKit not enabled. You need to either install pdo_sqlite, or define the "debug_kit" connection name.
2015-09-15 00:21:29 Warning: DebugKit not enabled. You need to either install pdo_sqlite, or define the "debug_kit" connection name.
2015-09-15 00:21:30 Warning: DebugKit not enabled. You need to either install pdo_sqlite, or define the "debug_kit" connection name.
2015-09-15 00:21:32 Warning: DebugKit not enabled. You need to either install pdo_sqlite, or define the "debug_kit" connection name.
2015-09-15 00:21:55 Warning: DebugKit not enabled. You need to either install pdo_sqlite, or define the "debug_kit" connection name.
2015-09-15 00:21:55 Error: Fatal Error (4): syntax error, unexpected 'echo' (T_ECHO), expecting ']' in [/home/matias/Documentos/obsAdmiCamp/obsadmicamp/src/Template/Errores/add.ctp, line 19]
Trace:
Cake\Error\BaseErrorHandler::handleFatalError() - CORE/src/Error/BaseErrorHandler.php, line 192
Cake\Error\BaseErrorHandler::Cake\Error\{closure}() - CORE/src/Error/BaseErrorHandler.php, line 91
[main] - [internal], line ??



2015-09-15 00:21:55 Error: [Cake\Error\FatalErrorException] syntax error, unexpected 'echo' (T_ECHO), expecting ']'
Request URL: /errores/add
Stack Trace:
#0 /home/matias/Documentos/obsAdmiCamp/obsadmicamp/vendor/cakephp/cakephp/src/Error/BaseErrorHandler.php(91): Cake\Error\BaseErrorHandler->handleFatalError(4, 'syntax error, u...', '/home/matias/Do...', 19)
#1 [internal function]: Cake\Error\BaseErrorHandler->Cake\Error\{closure}()
#2 {main}


2015-09-15 00:23:03 Warning: DebugKit not enabled. You need to either install pdo_sqlite, or define the "debug_kit" connection name.
2015-09-15 00:23:20 Warning: DebugKit not enabled. You need to either install pdo_sqlite, or define the "debug_kit" connection name.
2015-09-15 00:23:54 Warning: DebugKit not enabled. You need to either install pdo_sqlite, or define the "debug_kit" connection name.
2015-09-15 00:23:56 Warning: DebugKit not enabled. You need to either install pdo_sqlite, or define the "debug_kit" connection name.
2015-09-15 00:24:02 Warning: DebugKit not enabled. You need to either install pdo_sqlite, or define the "debug_kit" connection name.
2015-09-15 00:24:02 Warning: DebugKit not enabled. You need to either install pdo_sqlite, or define the "debug_kit" connection name.
2015-09-15 00:24:31 Warning: DebugKit not enabled. You need to either install pdo_sqlite, or define the "debug_kit" connection name.
2015-09-15 00:24:41 Warning: DebugKit not enabled. You need to either install pdo_sqlite, or define the "debug_kit" connection name.
2015-09-15 00:25:14 Warning: DebugKit not enabled. You need to either install pdo_sqlite, or define the "debug_kit" connection name.
2015-09-15 00:25:25 Warning: DebugKit not enabled. You need to either install pdo_sqlite, or define the "debug_kit" connection name.
2015-09-15 00:26:09 Warning: DebugKit not enabled. You need to either install pdo_sqlite, or define the "debug_kit" connection name.
2015-09-15 00:26:10 Warning: DebugKit not enabled. You need to either install pdo_sqlite, or define the "debug_kit" connection name.
2015-09-15 00:26:29 Warning: DebugKit not enabled. You need to either install pdo_sqlite, or define the "debug_kit" connection name.
2015-09-15 00:26:31 Warning: DebugKit not enabled. You need to either install pdo_sqlite, or define the "debug_kit" connection name.
2015-09-15 00:26:36 Warning: DebugKit not enabled. You need to either install pdo_sqlite, or define the "debug_kit" connection name.
2015-09-15 00:26:36 Warning: DebugKit not enabled. You need to either install pdo_sqlite, or define the "debug_kit" connection name.
2015-09-15 00:26:39 Warning: DebugKit not enabled. You need to either install pdo_sqlite, or define the "debug_kit" connection name.
2015-09-15 00:26:43 Warning: DebugKit not enabled. You need to either install pdo_sqlite, or define the "debug_kit" connection name.
2015-09-15 00:26:43 Warning: DebugKit not enabled. You need to either install pdo_sqlite, or define the "debug_kit" connection name.
2015-09-15 00:28:27 Warning: DebugKit not enabled. You need to either install pdo_sqlite, or define the "debug_kit" connection name.
2015-09-15 00:28:36 Warning: DebugKit not enabled. You need to either install pdo_sqlite, or define the "debug_kit" connection name.
2015-09-15 00:28:46 Warning: DebugKit not enabled. You need to either install pdo_sqlite, or define the "debug_kit" connection name.
2015-09-15 00:30:41 Warning: DebugKit not enabled. You need to either install pdo_sqlite, or define the "debug_kit" connection name.
2015-09-15 00:31:30 Warning: DebugKit not enabled. You need to either install pdo_sqlite, or define the "debug_kit" connection name.
2015-09-15 00:31:30 Error: Fatal Error (4): syntax error, unexpected ')', expecting ',' or ';' in [/home/matias/Documentos/obsAdmiCamp/obsadmicamp/src/Template/Errores/add.ctp, line 13]
Trace:
Cake\Error\BaseErrorHandler::handleFatalError() - CORE/src/Error/BaseErrorHandler.php, line 192
Cake\Error\BaseErrorHandler::Cake\Error\{closure}() - CORE/src/Error/BaseErrorHandler.php, line 91
[main] - [internal], line ??



2015-09-15 00:31:30 Error: [Cake\Error\FatalErrorException] syntax error, unexpected ')', expecting ',' or ';'
Request URL: /errores/add
Stack Trace:
#0 /home/matias/Documentos/obsAdmiCamp/obsadmicamp/vendor/cakephp/cakephp/src/Error/BaseErrorHandler.php(91): Cake\Error\BaseErrorHandler->handleFatalError(4, 'syntax error, u...', '/home/matias/Do...', 13)
#1 [internal function]: Cake\Error\BaseErrorHandler->Cake\Error\{closure}()
#2 {main}


2015-09-15 00:34:05 Warning: DebugKit not enabled. You need to either install pdo_sqlite, or define the "debug_kit" connection name.
2015-09-15 00:34:05 Error: Fatal Error (4): syntax error, unexpected ')', expecting ',' or ';' in [/home/matias/Documentos/obsAdmiCamp/obsadmicamp/src/Template/Errores/add.ctp, line 13]
Trace:
Cake\Error\BaseErrorHandler::handleFatalError() - CORE/src/Error/BaseErrorHandler.php, line 192
Cake\Error\BaseErrorHandler::Cake\Error\{closure}() - CORE/src/Error/BaseErrorHandler.php, line 91
[main] - [internal], line ??



2015-09-15 00:34:05 Error: [Cake\Error\FatalErrorException] syntax error, unexpected ')', expecting ',' or ';'
Request URL: /errores/add
Stack Trace:
#0 /home/matias/Documentos/obsAdmiCamp/obsadmicamp/vendor/cakephp/cakephp/src/Error/BaseErrorHandler.php(91): Cake\Error\BaseErrorHandler->handleFatalError(4, 'syntax error, u...', '/home/matias/Do...', 13)
#1 [internal function]: Cake\Error\BaseErrorHandler->Cake\Error\{closure}()
#2 {main}


2015-09-15 00:34:49 Warning: DebugKit not enabled. You need to either install pdo_sqlite, or define the "debug_kit" connection name.
2015-09-15 00:35:19 Warning: DebugKit not enabled. You need to either install pdo_sqlite, or define the "debug_kit" connection name.
2015-09-15 00:35:19 Warning: DebugKit not enabled. You need to either install pdo_sqlite, or define the "debug_kit" connection name.
2015-09-15 00:35:21 Warning: DebugKit not enabled. You need to either install pdo_sqlite, or define the "debug_kit" connection name.
2015-09-15 00:35:26 Warning: DebugKit not enabled. You need to either install pdo_sqlite, or define the "debug_kit" connection name.
2015-09-15 00:35:26 Warning: DebugKit not enabled. You need to either install pdo_sqlite, or define the "debug_kit" connection name.
2015-09-15 00:35:30 Warning: DebugKit not enabled. You need to either install pdo_sqlite, or define the "debug_kit" connection name.
2015-09-15 00:36:50 Warning: DebugKit not enabled. You need to either install pdo_sqlite, or define the "debug_kit" connection name.
2015-09-15 00:39:19 Warning: DebugKit not enabled. You need to either install pdo_sqlite, or define the "debug_kit" connection name.
2015-09-15 00:41:10 Warning: DebugKit not enabled. You need to either install pdo_sqlite, or define the "debug_kit" connection name.
2015-09-15 00:43:57 Warning: DebugKit not enabled. You need to either install pdo_sqlite, or define the "debug_kit" connection name.
2015-09-15 00:45:28 Warning: DebugKit not enabled. You need to either install pdo_sqlite, or define the "debug_kit" connection name.
2015-09-15 00:45:30 Warning: DebugKit not enabled. You need to either install pdo_sqlite, or define the "debug_kit" connection name.
2015-09-15 00:45:30 Warning: DebugKit not enabled. You need to either install pdo_sqlite, or define the "debug_kit" connection name.
2015-09-15 00:45:32 Warning: DebugKit not enabled. You need to either install pdo_sqlite, or define the "debug_kit" connection name.
2015-09-15 00:45:34 Warning: DebugKit not enabled. You need to either install pdo_sqlite, or define the "debug_kit" connection name.
2015-09-15 00:45:34 Warning: DebugKit not enabled. You need to either install pdo_sqlite, or define the "debug_kit" connection name.
2015-09-15 01:16:05 Warning: DebugKit not enabled. You need to either install pdo_sqlite, or define the "debug_kit" connection name.
2015-09-15 01:17:42 Warning: DebugKit not enabled. You need to either install pdo_sqlite, or define the "debug_kit" connection name.
2015-09-15 01:36:10 Warning: DebugKit not enabled. You need to either install pdo_sqlite, or define the "debug_kit" connection name.
2015-09-15 02:42:20 Warning: DebugKit not enabled. You need to either install pdo_sqlite, or define the "debug_kit" connection name.
2015-09-15 02:42:23 Warning: DebugKit not enabled. You need to either install pdo_sqlite, or define the "debug_kit" connection name.
2015-09-15 02:42:23 Warning: DebugKit not enabled. You need to either install pdo_sqlite, or define the "debug_kit" connection name.
2015-09-15 02:42:25 Warning: DebugKit not enabled. You need to either install pdo_sqlite, or define the "debug_kit" connection name.
2015-09-15 02:42:34 Warning: DebugKit not enabled. You need to either install pdo_sqlite, or define the "debug_kit" connection name.
2015-09-15 02:42:34 Warning: DebugKit not enabled. You need to either install pdo_sqlite, or define the "debug_kit" connection name.
2015-09-15 02:43:41 Warning: DebugKit not enabled. You need to either install pdo_sqlite, or define the "debug_kit" connection name.
2015-09-15 02:43:41 Error: Fatal Error (4): syntax error, unexpected '=>' (T_DOUBLE_ARROW) in [/home/matias/Documentos/obsAdmiCamp/obsadmicamp/src/Model/Table/CambiosTable.php, line 46]
Trace:
Cake\Error\BaseErrorHandler::handleFatalError() - CORE/src/Error/BaseErrorHandler.php, line 192
Cake\Error\BaseErrorHandler::Cake\Error\{closure}() - CORE/src/Error/BaseErrorHandler.php, line 91
[main] - [internal], line ??



2015-09-15 02:43:41 Error: [Cake\Error\FatalErrorException] syntax error, unexpected '=>' (T_DOUBLE_ARROW)
Request URL: /cambios/add
Stack Trace:
#0 /home/matias/Documentos/obsAdmiCamp/obsadmicamp/vendor/cakephp/cakephp/src/Error/BaseErrorHandler.php(91): Cake\Error\BaseErrorHandler->handleFatalError(4, 'syntax error, u...', '/home/matias/Do...', 46)
#1 [internal function]: Cake\Error\BaseErrorHandler->Cake\Error\{closure}()
#2 {main}


2015-09-15 02:43:59 Warning: DebugKit not enabled. You need to either install pdo_sqlite, or define the "debug_kit" connection name.
2015-09-15 02:45:12 Warning: DebugKit not enabled. You need to either install pdo_sqlite, or define the "debug_kit" connection name.
2015-09-16 03:06:58 Warning: DebugKit not enabled. You need to either install pdo_sqlite, or define the "debug_kit" connection name.
2015-09-16 03:07:11 Warning: DebugKit not enabled. You need to either install pdo_sqlite, or define the "debug_kit" connection name.
2015-09-16 03:07:47 Warning: DebugKit not enabled. You need to either install pdo_sqlite, or define the "debug_kit" connection name.
2015-09-16 03:08:33 Warning: DebugKit not enabled. You need to either install pdo_sqlite, or define the "debug_kit" connection name.
2015-09-16 03:33:26 Warning: DebugKit not enabled. You need to either install pdo_sqlite, or define the "debug_kit" connection name.
2015-09-16 03:33:26 Warning: DebugKit not enabled. You need to either install pdo_sqlite, or define the "debug_kit" connection name.
2015-09-16 03:33:27 Error: Fatal Error (1): Call to undefined method App\Controller\CambiosController::viewBuilder() in [/home/matias/Documentos/obsAdmiCamp/obsadmicamp/src/Controller/CambiosController.php, line 24]
Trace:
Cake\Error\BaseErrorHandler::handleFatalError() - CORE/src/Error/BaseErrorHandler.php, line 192
Cake\Error\BaseErrorHandler::Cake\Error\{closure}() - CORE/src/Error/BaseErrorHandler.php, line 91
[main] - [internal], line ??



2015-09-16 03:33:27 Error: [Cake\Error\FatalErrorException] Call to undefined method App\Controller\CambiosController::viewBuilder()
Request URL: /cambios
Stack Trace:
#0 /home/matias/Documentos/obsAdmiCamp/obsadmicamp/vendor/cakephp/cakephp/src/Error/BaseErrorHandler.php(91): Cake\Error\BaseErrorHandler->handleFatalError(1, 'Call to undefin...', '/home/matias/Do...', 24)
#1 [internal function]: Cake\Error\BaseErrorHandler->Cake\Error\{closure}()
#2 {main}


